<?xml version="1.0" encoding="UTF-8"?>
<!-- Generated by org.testng.reporters.JUnitReportReporter -->
<testsuite hostname="04927A-ASANGWAN" failures="0" tests="2" name="adConsent.RegressionTests.PortalSignInPageTests" time="0.944" errors="0" timestamp="16 Jul 2018 19:16:28 GMT">
  <testcase classname="adConsent.RegressionTests.PortalSignInPageTests" name="portalSingInTest" time="0.300"/>
  <testcase classname="adConsent.RegressionTests.PortalSignInPageTests" name="gameSelectTest" time="0.644"/>
</testsuite> <!-- adConsent.RegressionTests.PortalSignInPageTests -->
