<?xml version="1.0" encoding="UTF-8"?>
<!-- Generated by org.testng.reporters.JUnitReportReporter -->
<testsuite hostname="04927A-ASANGWAN" failures="0" tests="1" name="adConsent.RegressionTests.PortalHomePageTests" time="8.267" errors="0" timestamp="9 Jul 2018 07:05:09 GMT">
  <testcase classname="adConsent.RegressionTests.PortalHomePageTests" name="launchPortal" time="8.267"/>
</testsuite> <!-- adConsent.RegressionTests.PortalHomePageTests -->
