<?xml version="1.0" encoding="UTF-8"?>
<!-- Generated by org.testng.reporters.JUnitReportReporter -->
<testsuite hostname="04927A-ASANGWAN" failures="0" tests="2" name="adConsent.RegressionTests.PortalSignInPageTests" time="0.964" errors="0" timestamp="7 Jul 2018 12:50:17 GMT">
  <testcase classname="adConsent.RegressionTests.PortalSignInPageTests" name="gameSelectTest" time="0.663"/>
  <testcase classname="adConsent.RegressionTests.PortalSignInPageTests" name="portalSingInTest" time="0.301"/>
</testsuite> <!-- adConsent.RegressionTests.PortalSignInPageTests -->
