<?xml version="1.0" encoding="UTF-8"?>
<!-- Generated by org.testng.reporters.JUnitReportReporter -->
<testsuite hostname="04927A-ASANGWAN" failures="0" tests="1" name="adConsent.RegressionTests.UtilsTool" time="7.114" errors="0" timestamp="7 Jul 2018 12:50:17 GMT">
  <testcase classname="adConsent.RegressionTests.UtilsTool" name="getCredentials" time="7.114"/>
</testsuite> <!-- adConsent.RegressionTests.UtilsTool -->
