<?xml version="1.0" encoding="UTF-8"?>
<!-- Generated by org.testng.reporters.JUnitReportReporter -->
<testsuite hostname="04927A-ASANGWAN" failures="0" tests="1" name="adConsent.RegressionTests.PortalUserHomePageTests" time="1.823" errors="0" timestamp="11 Jul 2018 19:57:39 GMT">
  <testcase classname="adConsent.RegressionTests.PortalUserHomePageTests" name="navigateToFAQPageTest" time="1.823"/>
</testsuite> <!-- adConsent.RegressionTests.PortalUserHomePageTests -->
