<?xml version="1.0" encoding="UTF-8"?>
<!-- Generated by org.testng.reporters.JUnitReportReporter -->
<testsuite hostname="04927A-ASANGWAN" failures="0" tests="1" name="adConsent.RegressionTests.Test" time="4.561" errors="0" timestamp="4 Jul 2018 00:47:07 GMT">
  <testcase classname="adConsent.RegressionTests.Test" name="testTest" time="4.561"/>
</testsuite> <!-- adConsent.RegressionTests.Test -->
