<?xml version="1.0" encoding="UTF-8"?>
<!-- Generated by org.testng.reporters.JUnitReportReporter -->
<testsuite hostname="04927A-ASANGWAN" failures="0" tests="1" name="adConsent.RegressionTests.UtilsTool" time="9.884" errors="0" timestamp="9 Jul 2018 07:05:09 GMT">
  <testcase classname="adConsent.RegressionTests.UtilsTool" name="getCredentials" time="9.884"/>
</testsuite> <!-- adConsent.RegressionTests.UtilsTool -->
