<?xml version="1.0" encoding="UTF-8"?>
<!-- Generated by org.testng.reporters.JUnitReportReporter -->
<testsuite hostname="04927A-ASANGWAN" failures="0" tests="1" name="adConsent.RegressionTests.UtilsTool" time="7.856" errors="0" timestamp="16 Jul 2018 19:16:28 GMT">
  <testcase classname="adConsent.RegressionTests.UtilsTool" name="getCredentials" time="7.856"/>
</testsuite> <!-- adConsent.RegressionTests.UtilsTool -->
