<?xml version="1.0" encoding="UTF-8"?>
<!-- Generated by org.testng.reporters.JUnitReportReporter -->
<testsuite hostname="04927A-ASANGWAN" failures="0" tests="2" name="adConsent.RegressionTests.TootTest" time="13.912" errors="0" timestamp="6 Jul 2018 04:48:43 GMT">
  <testcase classname="adConsent.RegressionTests.TootTest" name="getCredentials" time="5.475"/>
  <testcase classname="adConsent.RegressionTests.TootTest" name="launchPortal" time="8.437"/>
</testsuite> <!-- adConsent.RegressionTests.TootTest -->
