<?xml version="1.0" encoding="UTF-8"?>
<!-- Generated by org.testng.reporters.JUnitReportReporter -->
<testsuite hostname="04927A-ASANGWAN" failures="0" tests="2" name="adConsent.RegressionTests.PortalSignInPageTests" time="0.953" errors="0" timestamp="9 Jul 2018 07:05:09 GMT">
  <testcase classname="adConsent.RegressionTests.PortalSignInPageTests" name="gameSelectTest" time="0.622"/>
  <testcase classname="adConsent.RegressionTests.PortalSignInPageTests" name="portalSingInTest" time="0.331"/>
</testsuite> <!-- adConsent.RegressionTests.PortalSignInPageTests -->
