<?xml version="1.0" encoding="UTF-8"?>
<!-- Generated by org.testng.reporters.JUnitReportReporter -->
<testsuite hostname="04927A-ASANGWAN" failures="0" tests="2" name="adConsent.RegressionTests.PortalSignInPageTests" time="0.945" errors="0" timestamp="11 Jul 2018 19:57:39 GMT">
  <testcase classname="adConsent.RegressionTests.PortalSignInPageTests" name="gameSelectTest" time="0.618"/>
  <testcase classname="adConsent.RegressionTests.PortalSignInPageTests" name="portalSingInTest" time="0.327"/>
</testsuite> <!-- adConsent.RegressionTests.PortalSignInPageTests -->
