<?xml version="1.0" encoding="UTF-8"?>
<!-- Generated by org.testng.reporters.JUnitReportReporter -->
<testsuite hostname="04927A-ASANGWAN" failures="0" tests="36" name="adConsent.RegressionTests.FaqPageTests" time="14.454" errors="0" timestamp="16 Jul 2018 19:16:28 GMT">
  <testcase classname="adConsent.RegressionTests.FaqPageTests" name="verifyLinkText_09" time="0.013"/>
  <testcase classname="adConsent.RegressionTests.FaqPageTests" name="linkOpenTest_07" time="0.272"/>
  <testcase classname="adConsent.RegressionTests.FaqPageTests" name="linkCloseTest_08" time="1.274"/>
  <testcase classname="adConsent.RegressionTests.FaqPageTests" name="verifyLinkText_03" time="0.013"/>
  <testcase classname="adConsent.RegressionTests.FaqPageTests" name="linkVisibleAndEnableTest_05" time="0.030"/>
  <testcase classname="adConsent.RegressionTests.FaqPageTests" name="linkOpenTest_01" time="0.273"/>
  <testcase classname="adConsent.RegressionTests.FaqPageTests" name="linkVisibleAndEnableTest_01" time="0.038"/>
  <testcase classname="adConsent.RegressionTests.FaqPageTests" name="linkCloseTest_09" time="1.275"/>
  <testcase classname="adConsent.RegressionTests.FaqPageTests" name="linkCloseTest_07" time="1.275"/>
  <testcase classname="adConsent.RegressionTests.FaqPageTests" name="linkOpenTest_03" time="0.272"/>
  <testcase classname="adConsent.RegressionTests.FaqPageTests" name="linkOpenTest_04" time="0.279"/>
  <testcase classname="adConsent.RegressionTests.FaqPageTests" name="linkVisibleAndEnableTest_03" time="0.033"/>
  <testcase classname="adConsent.RegressionTests.FaqPageTests" name="linkOpenTest_05" time="0.276"/>
  <testcase classname="adConsent.RegressionTests.FaqPageTests" name="verifyLinkText_01" time="0.015"/>
  <testcase classname="adConsent.RegressionTests.FaqPageTests" name="linkVisibleAndEnableTest_02" time="0.036"/>
  <testcase classname="adConsent.RegressionTests.FaqPageTests" name="linkCloseTest_03" time="1.289"/>
  <testcase classname="adConsent.RegressionTests.FaqPageTests" name="linkOpenTest_09" time="0.272"/>
  <testcase classname="adConsent.RegressionTests.FaqPageTests" name="linkVisibleAndEnableTest_07" time="0.034"/>
  <testcase classname="adConsent.RegressionTests.FaqPageTests" name="verifyLinkText_07" time="0.014"/>
  <testcase classname="adConsent.RegressionTests.FaqPageTests" name="linkOpenTest_08" time="0.293"/>
  <testcase classname="adConsent.RegressionTests.FaqPageTests" name="linkCloseTest_02" time="1.279"/>
  <testcase classname="adConsent.RegressionTests.FaqPageTests" name="linkVisibleAndEnableTest_04" time="0.031"/>
  <testcase classname="adConsent.RegressionTests.FaqPageTests" name="linkCloseTest_04" time="1.280"/>
  <testcase classname="adConsent.RegressionTests.FaqPageTests" name="verifyLinkText_06" time="0.015"/>
  <testcase classname="adConsent.RegressionTests.FaqPageTests" name="linkOpenTest_02" time="0.302"/>
  <testcase classname="adConsent.RegressionTests.FaqPageTests" name="linkOpenTest_06" time="0.271"/>
  <testcase classname="adConsent.RegressionTests.FaqPageTests" name="verifyLinkText_05" time="0.015"/>
  <testcase classname="adConsent.RegressionTests.FaqPageTests" name="linkCloseTest_06" time="1.274"/>
  <testcase classname="adConsent.RegressionTests.FaqPageTests" name="linkVisibleAndEnableTest_09" time="0.035"/>
  <testcase classname="adConsent.RegressionTests.FaqPageTests" name="verifyLinkText_08" time="0.013"/>
  <testcase classname="adConsent.RegressionTests.FaqPageTests" name="linkCloseTest_05" time="1.277"/>
  <testcase classname="adConsent.RegressionTests.FaqPageTests" name="verifyLinkText_02" time="0.015"/>
  <testcase classname="adConsent.RegressionTests.FaqPageTests" name="linkVisibleAndEnableTest_06" time="0.033"/>
  <testcase classname="adConsent.RegressionTests.FaqPageTests" name="linkVisibleAndEnableTest_08" time="0.041"/>
  <testcase classname="adConsent.RegressionTests.FaqPageTests" name="linkCloseTest_01" time="1.283"/>
  <testcase classname="adConsent.RegressionTests.FaqPageTests" name="verifyLinkText_04" time="0.014"/>
</testsuite> <!-- adConsent.RegressionTests.FaqPageTests -->
