<?xml version="1.0" encoding="UTF-8"?>
<!-- Generated by org.testng.reporters.JUnitReportReporter -->
<testsuite hostname="04927A-ASANGWAN" failures="0" tests="1" name="adConsent.RegressionTests.PortalUserHomePageTests" time="5.938" errors="0" timestamp="16 Jul 2018 19:16:28 GMT">
  <testcase classname="adConsent.RegressionTests.PortalUserHomePageTests" name="navigateToFAQPageTest" time="5.938"/>
</testsuite> <!-- adConsent.RegressionTests.PortalUserHomePageTests -->
