<?xml version="1.0" encoding="UTF-8"?>
<!-- Generated by org.testng.reporters.JUnitReportReporter -->
<testsuite hostname="04927A-ASANGWAN" failures="0" tests="1" name="adConsent.RegressionTests.PortalHomePageTests" time="11.411" errors="0" timestamp="7 Jul 2018 12:50:17 GMT">
  <testcase classname="adConsent.RegressionTests.PortalHomePageTests" name="launchPortal" time="11.411"/>
</testsuite> <!-- adConsent.RegressionTests.PortalHomePageTests -->
