<?xml version="1.0" encoding="UTF-8"?>
<!-- Generated by org.testng.reporters.JUnitReportReporter -->
<testsuite hostname="04927A-ASANGWAN" failures="0" tests="1" name="adConsent.RegressionTests.Test" time="0.008" errors="0" timestamp="6 Jul 2018 00:34:14 GMT">
  <testcase classname="adConsent.RegressionTests.Test" name="getCredentials" time="0.008"/>
</testsuite> <!-- adConsent.RegressionTests.Test -->
